<?xml version="1.0" encoding="UTF-8"?>
<!-- Generated by org.testng.reporters.JUnitReportReporter -->
<testsuite hostname="DESKTOP-6RO5I2B" failures="0" tests="1" name="testngSessions.RegistrationTest" time="0.000" errors="0" timestamp="09 Apr 2023 05:13:10 GMT" skipped="1">
  <testcase classname="testngSessions.RegistrationTest" name="enterName" time="0.000">
    <skipped/>
  </testcase> <!-- enterName -->
</testsuite> <!-- testngSessions.RegistrationTest -->
