<?xml version="1.0" encoding="UTF-8"?>
<!-- Generated by org.testng.reporters.JUnitReportReporter -->
<testsuite hostname="DESKTOP-6RO5I2B" failures="0" tests="3" name="testngSessions.ApplicationTest" time="0.000" errors="0" timestamp="09 Apr 2023 05:13:10 GMT" skipped="3">
  <testcase classname="testngSessions.ApplicationTest" name="homePageTest" time="0.000">
    <skipped/>
  </testcase> <!-- homePageTest -->
  <testcase classname="testngSessions.ApplicationTest" name="cartTest" time="0.000">
    <skipped/>
  </testcase> <!-- cartTest -->
  <testcase classname="testngSessions.ApplicationTest" name="searchTest" time="0.000">
    <skipped/>
  </testcase> <!-- searchTest -->
</testsuite> <!-- testngSessions.ApplicationTest -->
