<?xml version="1.0" encoding="UTF-8"?>
<!-- Generated by org.testng.reporters.JUnitReportReporter -->
<testsuite hostname="DESKTOP-6RO5I2B" failures="0" tests="4" name="testngSessions.OpenCartTest" time="0.000" errors="0" timestamp="09 Apr 2023 05:13:10 GMT" skipped="4">
  <testcase classname="testngSessions.OpenCartTest" name="titleTest" time="0.000">
    <skipped/>
  </testcase> <!-- titleTest -->
  <testcase classname="testngSessions.OpenCartTest" name="logoTest" time="0.000">
    <skipped/>
  </testcase> <!-- logoTest -->
  <testcase classname="testngSessions.OpenCartTest" name="forgotPwdLinkExistTest" time="0.000">
    <skipped/>
  </testcase> <!-- forgotPwdLinkExistTest -->
  <testcase classname="testngSessions.OpenCartTest" name="loginPageTest">
    <skipped/>
  </testcase> <!-- loginPageTest -->
</testsuite> <!-- testngSessions.OpenCartTest -->
