<?xml version="1.0" encoding="UTF-8"?>
<!-- Generated by org.testng.reporters.JUnitReportReporter -->
<testsuite hostname="DESKTOP-6RO5I2B" failures="0" tests="5" name="mytests.LoginNegativeTest" time="0.000" errors="0" timestamp="09 Apr 2023 05:13:10 GMT" skipped="5">
  <testcase classname="mytests.LoginNegativeTest" name="loginNegativeTest" time="0.000">
    <skipped/>
  </testcase> <!-- loginNegativeTest -->
  <testcase classname="mytests.LoginNegativeTest" name="loginNegativeTest" time="0.000">
    <skipped/>
  </testcase> <!-- loginNegativeTest -->
  <testcase classname="mytests.LoginNegativeTest" name="loginNegativeTest" time="0.000">
    <skipped/>
  </testcase> <!-- loginNegativeTest -->
  <testcase classname="mytests.LoginNegativeTest" name="loginNegativeTest" time="0.000">
    <skipped/>
  </testcase> <!-- loginNegativeTest -->
  <testcase classname="mytests.LoginNegativeTest" name="loginNegativeTest" time="0.000">
    <skipped/>
  </testcase> <!-- loginNegativeTest -->
</testsuite> <!-- mytests.LoginNegativeTest -->
