<?xml version="1.0" encoding="UTF-8"?>
<!-- Generated by org.testng.reporters.JUnitReportReporter -->
<testsuite hostname="DESKTOP-6RO5I2B" failures="0" tests="2" name="mytests.OpenCartTest" time="0.000" errors="0" timestamp="09 Apr 2023 05:13:10 GMT" skipped="2">
  <testcase classname="mytests.OpenCartTest" name="titleTest" time="0.000">
    <skipped/>
  </testcase> <!-- titleTest -->
  <testcase classname="mytests.OpenCartTest" name="searchTest" time="0.000">
    <skipped/>
  </testcase> <!-- searchTest -->
</testsuite> <!-- mytests.OpenCartTest -->
