<?xml version="1.0" encoding="UTF-8"?>
<!-- Generated by org.testng.reporters.JUnitReportReporter -->
<testsuite hostname="DESKTOP-6RO5I2B" failures="0" tests="2" name="mytests.OpenCart" time="2.805" errors="0" timestamp="04 Apr 2023 22:11:01 GMT" skipped="0">
  <testcase classname="mytests.OpenCart" name="titleTest" time="2.763"/>
  <testcase classname="mytests.OpenCart" name="searchTest" time="0.042"/>
</testsuite> <!-- mytests.OpenCart -->
